<?xml version="1.0" encoding="UTF-8"?>
<testng-results ignored="0" total="1" passed="0" failed="0" skipped="1">
  <reporter-output>
  </reporter-output>
  <suite started-at="2024-06-23T21:46:55 COT" name="Default suite" finished-at="2024-06-23T21:47:00 COT" duration-ms="4883">
    <groups>
    </groups>
    <test started-at="2024-06-23T21:46:55 COT" name="Default test" finished-at="2024-06-23T21:47:00 COT" duration-ms="4883">
      <class name="com.demoautomatizacion.test.DemoBlazeTest">
        <test-method is-config="true" signature="inicializar()[pri:0, instance:com.demoautomatizacion.test.DemoBlazeTest@516462cc]" started-at="2024-06-23T21:46:57 COT" name="inicializar" finished-at="2024-06-23T21:47:00 COT" duration-ms="3129" status="FAIL">
          <exception class="java.lang.VerifyError">
            <message>
              <![CDATA[Expecting a stackmap frame at branch target 59
Exception Details:
  Location:
    com/demoautomatizacion/Pages/HomePage.modulo2(Ljava/lang/String;Ljava/lang/String;)V @19: invokestatic
  Reason:
    Expected stackmap frame at this location.
  Bytecode:
    0000000: 2b3a 042c 3a05 b200 6d2a 2a19 0419 05b8
    0000010: 0070 4eb8 0056 2db6 005a 2a2a 2ab4 0027
    0000020: 2bb6 002b b600 412c c600 102a 2a2a b400
    0000030: 352c b600 2bb6 0041 a700 103a 06b8 0056
    0000040: 1906 b600 5e19 06bf b800 56b6 0062 b1  
  Exception Handler Table:
    bci [19, 59] => handler: 59
]]>
            </message>
            <full-stacktrace>
              <![CDATA[java.lang.VerifyError: Expecting a stackmap frame at branch target 59
Exception Details:
  Location:
    com/demoautomatizacion/Pages/HomePage.modulo2(Ljava/lang/String;Ljava/lang/String;)V @19: invokestatic
  Reason:
    Expected stackmap frame at this location.
  Bytecode:
    0000000: 2b3a 042c 3a05 b200 6d2a 2a19 0419 05b8
    0000010: 0070 4eb8 0056 2db6 005a 2a2a 2ab4 0027
    0000020: 2bb6 002b b600 412c c600 102a 2a2a b400
    0000030: 352c b600 2bb6 0041 a700 103a 06b8 0056
    0000040: 1906 b600 5e19 06bf b800 56b6 0062 b1  
  Exception Handler Table:
    bci [19, 59] => handler: 59

at com.demoautomatizacion.BaseTest.inicializar(BaseTest.java:64)
at java.base/jdk.internal.reflect.DirectMethodHandleAccessor.invoke(DirectMethodHandleAccessor.java:103)
at java.base/java.lang.reflect.Method.invoke(Method.java:580)
at org.testng.internal.MethodInvocationHelper.invokeMethod(MethodInvocationHelper.java:133)
at org.testng.internal.MethodInvocationHelper.invokeMethodConsideringTimeout(MethodInvocationHelper.java:62)
at org.testng.internal.ConfigInvoker.invokeConfigurationMethod(ConfigInvoker.java:385)
at org.testng.internal.ConfigInvoker.invokeConfigurations(ConfigInvoker.java:321)
at org.testng.internal.TestInvoker.runConfigMethods(TestInvoker.java:700)
at org.testng.internal.TestInvoker.invokeMethod(TestInvoker.java:527)
at org.testng.internal.TestInvoker.invokeTestMethod(TestInvoker.java:173)
at org.testng.internal.MethodRunner.runInSequence(MethodRunner.java:46)
at org.testng.internal.TestInvoker$MethodInvocationAgent.invoke(TestInvoker.java:824)
at org.testng.internal.TestInvoker.invokeTestMethods(TestInvoker.java:146)
at org.testng.internal.TestMethodWorker.invokeTestMethods(TestMethodWorker.java:146)
at org.testng.internal.TestMethodWorker.run(TestMethodWorker.java:128)
at java.base/java.util.ArrayList.forEach(ArrayList.java:1596)
at org.testng.TestRunner.privateRun(TestRunner.java:794)
at org.testng.TestRunner.run(TestRunner.java:596)
at org.testng.SuiteRunner.runTest(SuiteRunner.java:377)
at org.testng.SuiteRunner.runSequentially(SuiteRunner.java:371)
at org.testng.SuiteRunner.privateRun(SuiteRunner.java:332)
at org.testng.SuiteRunner.run(SuiteRunner.java:276)
at org.testng.SuiteRunnerWorker.runSuite(SuiteRunnerWorker.java:53)
at org.testng.SuiteRunnerWorker.run(SuiteRunnerWorker.java:96)
at org.testng.TestNG.runSuitesSequentially(TestNG.java:1212)
at org.testng.TestNG.runSuitesLocally(TestNG.java:1134)
at org.testng.TestNG.runSuites(TestNG.java:1063)
at org.testng.TestNG.run(TestNG.java:1031)
at org.testng.remote.AbstractRemoteTestNG.run(AbstractRemoteTestNG.java:115)
at org.testng.remote.RemoteTestNG.initAndRun(RemoteTestNG.java:293)
at org.testng.remote.RemoteTestNG.main(RemoteTestNG.java:91)
]]>
            </full-stacktrace>
          </exception> <!-- java.lang.VerifyError -->
          <reporter-output>
          </reporter-output>
        </test-method> <!-- inicializar -->
        <test-method signature="RealizarCompra(java.lang.String,java.lang.String,java.lang.String,java.lang.String,java.lang.String,java.lang.String,java.lang.String,java.lang.String,java.lang.String,java.lang.String)[pri:0, instance:com.demoautomatizacion.test.DemoBlazeTest@516462cc]" started-at="2024-06-23T21:47:00 COT" name="RealizarCompra" description="Login Portal Almaviva" data-provider="DemoBlaze" finished-at="2024-06-23T21:47:00 COT" duration-ms="0" status="SKIP">
          <params>
            <param index="0">
              <value>
                <![CDATA[./src/test/resources/images/logo_periferia.png/]]>
              </value>
            </param>
            <param index="1">
              <value>
                <![CDATA[InicioSesion]]>
              </value>
            </param>
            <param index="2">
              <value>
                <![CDATA[./src/test/resources/evidence/]]>
              </value>
            </param>
            <param index="3">
              <value>
                <![CDATA[SI]]>
              </value>
            </param>
            <param index="4">
              <value>
                <![CDATA[ValidarLogueo]]>
              </value>
            </param>
            <param index="5">
              <value>
                <![CDATA[DiegoEstepa]]>
              </value>
            </param>
            <param index="6">
              <value>
                <![CDATA[https://www.demoblaze.com/]]>
              </value>
            </param>
            <param index="7">
              <value>
                <![CDATA[https://201.184.123.118:4300/#/login/inicio]]>
              </value>
            </param>
            <param index="8">
              <value>
                <![CDATA[wcarrill.ext]]>
              </value>
            </param>
            <param index="9">
              <value>
                <![CDATA[123]]>
              </value>
            </param>
          </params>
          <exception class="java.lang.VerifyError">
            <message>
              <![CDATA[Expecting a stackmap frame at branch target 59
Exception Details:
  Location:
    com/demoautomatizacion/Pages/HomePage.modulo2(Ljava/lang/String;Ljava/lang/String;)V @19: invokestatic
  Reason:
    Expected stackmap frame at this location.
  Bytecode:
    0000000: 2b3a 042c 3a05 b200 6d2a 2a19 0419 05b8
    0000010: 0070 4eb8 0056 2db6 005a 2a2a 2ab4 0027
    0000020: 2bb6 002b b600 412c c600 102a 2a2a b400
    0000030: 352c b600 2bb6 0041 a700 103a 06b8 0056
    0000040: 1906 b600 5e19 06bf b800 56b6 0062 b1  
  Exception Handler Table:
    bci [19, 59] => handler: 59
]]>
            </message>
            <full-stacktrace>
              <![CDATA[java.lang.VerifyError: Expecting a stackmap frame at branch target 59
Exception Details:
  Location:
    com/demoautomatizacion/Pages/HomePage.modulo2(Ljava/lang/String;Ljava/lang/String;)V @19: invokestatic
  Reason:
    Expected stackmap frame at this location.
  Bytecode:
    0000000: 2b3a 042c 3a05 b200 6d2a 2a19 0419 05b8
    0000010: 0070 4eb8 0056 2db6 005a 2a2a 2ab4 0027
    0000020: 2bb6 002b b600 412c c600 102a 2a2a b400
    0000030: 352c b600 2bb6 0041 a700 103a 06b8 0056
    0000040: 1906 b600 5e19 06bf b800 56b6 0062 b1  
  Exception Handler Table:
    bci [19, 59] => handler: 59

at com.demoautomatizacion.BaseTest.inicializar(BaseTest.java:64)
at java.base/jdk.internal.reflect.DirectMethodHandleAccessor.invoke(DirectMethodHandleAccessor.java:103)
at java.base/java.lang.reflect.Method.invoke(Method.java:580)
at org.testng.internal.MethodInvocationHelper.invokeMethod(MethodInvocationHelper.java:133)
at org.testng.internal.MethodInvocationHelper.invokeMethodConsideringTimeout(MethodInvocationHelper.java:62)
at org.testng.internal.ConfigInvoker.invokeConfigurationMethod(ConfigInvoker.java:385)
at org.testng.internal.ConfigInvoker.invokeConfigurations(ConfigInvoker.java:321)
at org.testng.internal.TestInvoker.runConfigMethods(TestInvoker.java:700)
at org.testng.internal.TestInvoker.invokeMethod(TestInvoker.java:527)
at org.testng.internal.TestInvoker.invokeTestMethod(TestInvoker.java:173)
at org.testng.internal.MethodRunner.runInSequence(MethodRunner.java:46)
at org.testng.internal.TestInvoker$MethodInvocationAgent.invoke(TestInvoker.java:824)
at org.testng.internal.TestInvoker.invokeTestMethods(TestInvoker.java:146)
at org.testng.internal.TestMethodWorker.invokeTestMethods(TestMethodWorker.java:146)
at org.testng.internal.TestMethodWorker.run(TestMethodWorker.java:128)
at java.base/java.util.ArrayList.forEach(ArrayList.java:1596)
at org.testng.TestRunner.privateRun(TestRunner.java:794)
at org.testng.TestRunner.run(TestRunner.java:596)
at org.testng.SuiteRunner.runTest(SuiteRunner.java:377)
at org.testng.SuiteRunner.runSequentially(SuiteRunner.java:371)
at org.testng.SuiteRunner.privateRun(SuiteRunner.java:332)
at org.testng.SuiteRunner.run(SuiteRunner.java:276)
at org.testng.SuiteRunnerWorker.runSuite(SuiteRunnerWorker.java:53)
at org.testng.SuiteRunnerWorker.run(SuiteRunnerWorker.java:96)
at org.testng.TestNG.runSuitesSequentially(TestNG.java:1212)
at org.testng.TestNG.runSuitesLocally(TestNG.java:1134)
at org.testng.TestNG.runSuites(TestNG.java:1063)
at org.testng.TestNG.run(TestNG.java:1031)
at org.testng.remote.AbstractRemoteTestNG.run(AbstractRemoteTestNG.java:115)
at org.testng.remote.RemoteTestNG.initAndRun(RemoteTestNG.java:293)
at org.testng.remote.RemoteTestNG.main(RemoteTestNG.java:91)
]]>
            </full-stacktrace>
          </exception> <!-- java.lang.VerifyError -->
          <reporter-output>
          </reporter-output>
        </test-method> <!-- RealizarCompra -->
        <test-method is-config="true" signature="tearDown()[pri:0, instance:com.demoautomatizacion.test.DemoBlazeTest@516462cc]" started-at="2024-06-23T21:47:00 COT" name="tearDown" finished-at="1969-12-31T19:00:00 COT" duration-ms="-1719197220818" status="SKIP">
          <reporter-output>
          </reporter-output>
        </test-method> <!-- tearDown -->
      </class> <!-- com.demoautomatizacion.test.DemoBlazeTest -->
    </test> <!-- Default test -->
  </suite> <!-- Default suite -->
</testng-results>
